<?xml version="1.0" encoding="UTF-8"?>
<!-- Generated by org.testng.reporters.JUnitXMLReporter -->
<testsuite ignored="0" hostname="AkashSwami" failures="0" tests="2" name="Error Validations Test" time="9.067" errors="0" timestamp="2024-07-13T21:44:58 IST">
  <testcase classname="akashswamiacademy.ErrorValidations" name="LoginErrorValidation" time="0.493"/>
  <testcase classname="akashswamiacademy.ErrorValidations" name="ProductErrorValidation" time="4.923"/>
</testsuite> <!-- Error Validations Test -->
