<?xml version="1.0" encoding="UTF-8"?>
<!-- Generated by org.testng.reporters.JUnitXMLReporter -->
<testsuite ignored="1" hostname="AkashSwami" failures="0" tests="1" name="Error Validations" time="3.172" errors="0" timestamp="2024-07-13T21:59:57 IST">
  <testcase classname="akashswamiacademy.ErrorValidations" name="LoginErrorValidation" time="0.982"/>
  <testcase classname="akashswamiacademy.ErrorValidations" name="ProductErrorValidation" time="0.0">
    <ignored/>
  </testcase> <!-- ProductErrorValidation -->
</testsuite> <!-- Error Validations -->
