<?xml version="1.0" encoding="UTF-8"?>
<!-- Generated by org.testng.reporters.JUnitXMLReporter -->
<testsuite ignored="2" hostname="AkashSwami" failures="0" tests="0" time="0.014" errors="0" timestamp="2024-07-13T21:59:54 IST">
  <testcase classname="akashswamiacademy.StandAloneTest2" name="submitorder" time="0.0">
    <ignored/>
  </testcase> <!-- submitorder -->
  <testcase classname="akashswamiacademy.StandAloneTest2" name="VerifyOrderHistoryProduct" time="0.0">
    <ignored/>
  </testcase> <!-- VerifyOrderHistoryProduct -->
</testsuite>
